<?xml version="1.0" encoding="UTF-8"?>
<testsuite xmlns:xsi="http://www.w3.org/2001/XMLSchema-instance" xsi:noNamespaceSchemaLocation="https://maven.apache.org/surefire/maven-surefire-plugin/xsd/surefire-test-report-3.0.xsd" version="3.0" name="hashmap.HashMapTest" time="0.035" tests="4" errors="0" skipped="0" failures="0">
  <properties>
[...]
</properties>
  <testcase name="putTest" classname="hashmap.HashMapTest" time="0.004"/>
  <testcase name="getTest" classname="hashmap.HashMapTest" time="0.002">
    <system-out><![CDATA[[[0 ], [1 ], [ ], [ ], [2 ], [ ], [ ], [ ], [ ], [3 ], [ ], [ ], [ ], [ ], [ ], [ ], [4 ], [ ], [ ], [ ], [ ], [ ], [ ], [ ], [ ], [5 ], [ ], [ ], [ ], [ ], [ ], [ ], [ ], [ ], [ ], [ ], [6 ], [ ], [ ], [ ], [ ], [ ], [ ], [ ], [ ], [ ], [ ], [ ], [ ], [7 ], [ ], [ ], [ ], [ ], [ ], [ ], [ ], [ ], [ ], [ ], [ ], [ ], [ ], [ ], [8 ], [ ], [ ], [ ], [ ], [ ], [ ], [ ], [ ], [ ], [ ], [ ], [ ], [ ], [ ], [ ], [ ], [9 ], [ ], [ ], [ ], [ ], [ ], [ ], [ ], [ ], [ ], [ ], [ ], [ ], [ ], [ ], [ ], [ ], [ ], [ ]]
]]></system-out>
  </testcase>
  <testcase name="hashMap" classname="hashmap.HashMapTest" time="0.024">
    <system-out><![CDATA[0
0
0
0
0
0
0
0
0
0
0
0
0
0
0
0
0
0
0
0
0
0
0
0
0
0
0
0
0
0
0
0
0
0
0
0
0
0
0
0
0
0
0
0
0
0
0
0
0
0
0
0
0
0
0
0
0
0
0
0
0
0
0
0
0
0
0
0
0
0
0
0
0
0
0
0
0
0
0
0
0
0
0
0
0
0
0
0
0
0
0
0
0
0
0
0
0
0
0
0
0
0
0
0
0
0
0
0
0
0
0
0
0
0
0
0
0
0
0
0
0
0
0
0
0
0
0
0
0
0
0
0
0
0
0
0
0
0
0
0
0
0
0
0
0
0
0
0
0
0
0
0
0
0
0
0
0
0
0
0
0
0
0
0
0
0
0
0
0
0
0
0
0
0
0
0
0
0
0
0
0
0
0
0
0
0
0
0
0
0
0
0
0
0
0
0
0
0
0
0
0
0
0
0
0
0
0
0
0
0
0
0
0
0
0
0
0
0
0
0
0
0
0
0
0
0
0
0
0
0
0
0
0
0
0
0
0
0
0
0
0
0
0
0
0
0
0
0
0
0
0
0
0
0
0
0
0
0
0
0
0
0
0
0
0
0
0
0
0
0
0
0
0
0
0
0
0
0
0
0
0
0
0
0
0
0
0
0
0
0
0
0
0
0
0
0
0
0
0
0
0
0
0
0
0
0
0
0
0
0
0
0
0
0
0
0
0
0
0
0
0
0
0
0
0
0
0
0
0
0
0
0
0
0
0
0
0
0
0
0
0
0
0
0
0
0
0
0
0
0
0
0
0
0
0
0
0
0
0
0
0
0
0
0
0
0
0
0
0
0
0
0
0
0
0
0
0
0
0
0
0
0
0
0
0
0
0
0
0
0
0
0
0
0
0
0
0
0
0
0
0
0
0
0
0
0
0
0
0
0
0
0
0
0
0
0
0
0
0
0
0
0
0
0
0
0
0
0
0
0
0
0
0
0
0
0
0
0
0
0
0
0
0
0
0
0
0
0
0
0
0
0
0
0
0
0
0
0
0
0
0
0
0
0
0
0
0
0
0
0
0
0
0
0
0
0
0
0
0
0
0
0
0
0
0
0
0
0
0
0
0
0
0
0
0
0
0
0
0
0
0
0
0
0
0
0
0
0
0
0
0
0
0
0
0
0
0
0
0
0
0
0
0
0
0
0
0
0
0
0
0
0
0
0
0
0
0
0
0
0
0
0
0
0
0
0
0
0
0
0
0
0
0
0
0
0
0
0
0
0
0
0
0
0
0
0
0
0
0
0
0
0
0
0
0
0
0
0
0
0
0
0
0
0
0
0
0
0
0
0
0
0
0
0
0
0
0
0
0
0
0
0
0
0
0
0
0
0
0
0
0
0
0
0
0
0
0
0
0
0
0
0
0
0
0
0
0
0
0
0
0
0
0
0
0
0
0
0
0
0
0
0
0
0
0
0
0
0
0
0
0
0
0
0
0
0
0
0
0
0
0
0
0
0
0
0
0
0
0
0
0
0
0
0
0
0
0
0
0
0
0
0
0
0
0
0
0
0
0
0
0
0
0
0
0
0
0
0
0
0
0
0
0
0
0
0
0
0
0
0
0
0
0
0
0
0
0
0
0
0
0
0
0
0
0
0
0
0
0
0
0
0
0
0
0
0
0
0
0
0
0
0
0
0
0
0
0
0
0
0
0
0
0
0
0
0
0
0
0
0
0
0
0
0
0
0
0
0
0
0
0
0
0
0
0
0
0
0
0
0
0
0
0
0
0
0
0
0
0
0
0
0
0
0
0
0
0
0
0
0
0
0
0
0
0
0
0
0
0
0
0
0
0
0
0
0
0
0
0
0
0
0
0
0
0
0
0
0
0
0
0
0
0
0
0
0
0
0
0
0
0
0
0
0
0
0
0
0
0
0
0
0
0
0
0
0
0
0
0
0
0
0
0
0
0
0
0
0
0
0
0
0
0
0
0
0
0
0
0
0
0
0
0
0
0
0
0
0
0
0
0
0
0
0
0
0
0
0
0
0
0
0
0
0
0
0
0
0
0
0
0
0
0
0
0
0
0
0
0
0
0
0
0
0
0
0
0
0
0
0
0
0
0
0
0
0
0
0
0
0
0
0
0
0
0
0
0
0
0
0
0
0
0
0
0
0
0
0
0
0
0
0
0
0
0
0
0
0
0
0
0
0
0
0
0
0
0
0
0
0
0
0
0
0
0
0
0
0
0
0
0
0
0
0
0
0
0
0
0
0
[[ ], [ ], [528 ], [ ], [152, 915 ], [645 ], [ ], [ ], [ ], [412 ], [ ], [90 ], [513, 955 ], [ ], [ ], [ ], [148, 419, 997 ], [103 ], [426 ], [ ], [ ], [143 ], [ ], [449 ], [ ], [ ], [ ], [ ], [ ], [ ], [9 ], [ ], [ ], [289 ], [ ], [ ], [ ], [ ], [885 ], [ ], [786 ], [ ], [ ], [570 ], [ ], [326 ], [ ], [335 ], [ ], [439 ], [ ], [477 ], [ ], [491 ], [637 ], [63 ], [ ], [ ], [ ], [7 ], [568 ], [48 ], [ ], [ ], [959 ], [ ], [ ], [ ], [ ], [689, 951 ], [ ], [460 ], [45 ], [17 ], [486 ], [ ], [ ], [ ], [ ], [ ], [264 ], [ ], [ ], [762 ], [ ], [ ], [ ], [ ], [ ], [ ], [ ], [819 ], [ ], [ ], [360 ], [ ], [ ], [ ], [255 ], [ ], [766 ], [ ], [ ], [ ], [526 ], [ ], [60 ], [10 ], [ ], [169, 928 ], [64 ], [ ], [ ], [ ], [ ], [541 ], [104 ], [137 ], [630 ], [ ], [276 ], [603 ], [ ], [ ], [ ], [ ], [736 ], [ ], [27 ], [901 ], [401, 539, 615, 937, 987 ], [ ], [912 ], [875 ], [ ], [ ], [345 ], [ ], [ ], [750 ], [406 ], [159 ], [291 ], [789 ], [ ], [ ], [ ], [ ], [ ], [ ], [273 ], [197 ], [790 ], [292 ], [182 ], [ ], [980 ], [204 ], [ ], [ ], [91 ], [349 ], [ ], [295 ], [33 ], [ ], [ ], [ ], [ ], [347 ], [ ], [969 ], [187 ], [ ], [ ], [270 ], [617 ], [622 ], [ ], [856 ], [ ], [145 ], [ ], [ ], [839 ], [ ], [ ], [ ], [ ], [71 ], [ ], [ ], [855 ], [ ], [ ], [ ], [ ], [ ], [315 ], [ ], [ ], [ ], [ ], [ ], [384 ], [ ], [410 ], [884 ], [ ], [154 ], [ ], [724 ], [ ], [ ], [81 ], [ ], [974 ], [779 ], [ ], [ ], [594 ], [ ], [532 ], [ ], [863 ], [398 ], [ ], [ ], [226 ], [ ], [ ], [ ], [ ], [ ], [424 ], [729, 929 ], [ ], [652, 993 ], [ ], [ ], [497 ], [ ], [ ], [339 ], [ ], [457 ], [241 ], [164 ], [550 ], [ ], [ ], [259 ], [ ], [480 ], [ ], [ ], [332 ], [927 ], [265 ], [695 ], [ ], [ ], [ ], [ ], [ ], [ ], [189 ], [141 ], [ ], [ ], [ ], [453 ], [201 ], [ ], [ ], [ ], [754 ], [ ], [ ], [ ], [ ], [0 ], [ ], [ ], [58 ], [605 ], [ ], [247 ], [113 ], [822 ], [881 ], [ ], [ ], [ ], [ ], [97 ], [129 ], [492 ], [ ], [294 ], [ ], [ ], [171 ], [19 ], [ ], [ ], [ ], [ ], [ ], [207 ], [ ], [ ], [ ], [467, 900 ], [ ], [ ], [ ], [108 ], [ ], [325 ], [157 ], [654 ], [ ], [183 ], [429, 508 ], [ ], [487 ], [ ], [ ], [ ], [ ], [ ], [ ], [351 ], [ ], [ ], [43 ], [24 ], [581 ], [ ], [32, 611, 640 ], [ ], [882 ], [26 ], [522 ], [ ], [ ], [405 ], [ ], [ ], [666 ], [ ], [ ], [ ], [ ], [687 ], [ ], [213 ], [266 ], [ ], [ ], [655 ], [ ], [ ], [ ], [ ], [ ], [ ], [992 ], [ ], [828 ], [949 ], [781 ], [331 ], [ ], [ ], [414 ], [378 ], [312 ], [ ], [ ], [ ], [ ], [393 ], [ ], [ ], [ ], [ ], [ ], [ ], [682 ], [249 ], [ ], [852 ], [ ], [ ], [ ], [293 ], [507 ], [ ], [ ], [240 ], [ ], [ ], [394 ], [ ], [ ], [663 ], [ ], [738 ], [ ], [286 ], [ ], [269 ], [316 ], [82 ], [621 ], [ ], [ ], [ ], [ ], [ ], [355 ], [646 ], [ ], [ ], [ ], [ ], [397 ], [ ], [ ], [ ], [ ], [945 ], [250 ], [797 ], [ ], [62 ], [ ], [614 ], [ ], [ ], [544 ], [287 ], [59 ], [ ], [ ], [ ], [ ], [835 ], [ ], [254 ], [ ], [802 ], [ ], [ ], [ ], [ ], [ ], [ ], [ ], [ ], [ ], [653 ], [ ], [142 ], [ ], [ ], [988 ], [ ], [ ], [ ], [181 ], [ ], [ ], [ ], [ ], [836 ], [307 ], [561 ], [ ], [869 ], [ ], [ ], [ ], [214 ], [379 ], [ ], [517 ], [257 ], [642, 704 ], [956 ], [ ], [ ], [471 ], [ ], [ ], [ ], [ ], [161 ], [ ], [ ], [586 ], [ ], [ ], [709 ], [146 ], [6 ], [ ], [669 ], [ ], [ ], [ ], [133 ], [ ], [ ], [149 ], [13 ], [ ], [238, 675 ], [818, 896 ], [ ], [222 ], [ ], [373, 438 ], [ ], [301 ], [ ], [ ], [580, 944 ], [461 ], [ ], [ ], [ ], [ ], [ ], [ ], [ ], [793 ], [ ], [ ], [771 ], [490 ], [ ], [121 ], [898 ], [ ], [563 ], [ ], [ ], [261 ], [275 ], [ ], [741 ], [ ], [961 ], [716 ], [986 ], [ ], [ ], [177 ], [592 ], [ ], [ ], [51 ], [590 ], [376 ], [85 ], [ ], [ ], [ ], [857 ], [ ], [25 ], [811 ], [430 ], [324 ], [ ], [ ], [343 ], [ ], [ ], [753 ], [ ], [ ], [ ], [ ], [977 ], [ ], [ ], [824 ], [ ], [ ], [ ], [ ], [510 ], [3 ], [ ], [ ], [555 ], [604 ], [333 ], [ ], [99, 768 ], [ ], [ ], [466 ], [120, 854 ], [569 ], [ ], [ ], [284 ], [ ], [551 ], [684 ], [498, 610, 805 ], [353 ], [ ], [ ], [ ], [ ], [ ], [ ], [566 ], [ ], [ ], [395 ], [520 ], [ ], [808 ], [ ], [61 ], [ ], [ ], [ ], [ ], [ ], [930 ], [ ], [31 ], [ ], [ ], [ ], [ ], [730 ], [538 ], [954 ], [816, 821 ], [ ], [ ], [1 ], [290 ], [ ], [585 ], [ ], [234 ], [375 ], [445 ], [ ], [ ], [ ], [878 ], [ ], [229 ], [168 ], [46 ], [509 ], [218 ], [ ], [464 ], [ ], [660, 903 ], [ ], [728 ], [454 ], [306, 842, 847 ], [5 ], [ ], [ ], [633 ], [717 ], [ ], [ ], [527 ], [ ], [ ], [134 ], [ ], [ ], [ ], [ ], [699 ], [ ], [ ], [ ], [ ], [42 ], [783 ], [ ], [827 ], [ ], [536 ], [30 ], [ ], [ ], [574 ], [ ], [748 ], [785 ], [ ], [396 ], [ ], [ ], [16 ], [ ], [769 ], [ ], [ ], [ ], [125 ], [ ], [203 ], [ ], [ ], [ ], [626 ], [918 ], [86, 825 ], [ ], [483 ], [ ], [132 ], [ ], [850 ], [227 ], [ ], [722 ], [832 ], [ ], [726 ], [ ], [ ], [499 ], [639 ], [230 ], [ ], [843 ], [ ], [ ], [462 ], [ ], [ ], [ ], [ ], [938 ], [ ], [ ], [186 ], [404 ], [ ], [ ], [ ], [ ], [ ], [861 ], [ ], [782 ], [559 ], [635, 658 ], [831 ], [859 ], [ ], [ ], [117 ], [ ], [ ], [ ], [ ], [ ], [217 ], [ ], [503 ], [515, 767 ], [ ], [ ], [708 ], [340 ], [ ], [318 ], [ ], [916 ], [322 ], [95 ], [806 ], [ ], [209 ], [ ], [118 ], [970 ], [ ], [ ], [ ], [448 ], [801 ], [ ], [ ], [886 ], [ ], [ ], [ ], [370 ], [ ], [ ], [ ], [ ], [838 ], [ ], [ ], [ ], [ ], [174 ], [435 ], [ ], [37 ], [494 ], [ ], [109 ], [ ], [390, 607 ], [41 ], [908 ], [572 ], [ ], [ ], [608 ], [ ], [557 ], [251 ], [883, 991 ], [519 ], [ ], [ ], [ ], [ ], [758 ], [ ], [ ], [ ], [ ], [ ], [308 ], [ ], [350 ], [502, 713, 834 ], [ ], [ ], [ ], [744, 761 ], [ ], [ ], [131 ], [ ], [917 ], [ ], [ ], [740 ], [ ], [756 ], [321 ], [391 ], [ ], [643 ], [ ], [ ], [ ], [ ], [14 ], [ ], [166 ], [ ], [374 ], [ ], [ ], [ ], [ ], [ ], [ ], [ ], [ ], [288 ], [ ], [ ], [475 ], [271 ], [ ], [49 ], [330, 385, 964 ], [620, 865 ], [195 ], [162 ], [323 ], [253 ], [ ], [ ], [485 ], [841 ], [913 ], [ ], [446 ], [ ], [418 ], [ ], [ ], [205 ], [ ], [140, 823 ], [ ], [ ], [ ], [ ], [447 ], [ ], [ ], [925 ], [ ], [ ], [706 ], [521 ], [ ], [ ], [ ], [313 ], [225 ], [ ], [ ], [211 ], [232 ], [400 ], [210, 239 ], [ ], [ ], [606 ], [ ], [ ], [571 ], [252, 381, 444, 575 ], [ ], [72 ], [437, 973 ], [ ], [ ], [749 ], [476 ], [ ], [119 ], [877 ], [ ], [338 ], [356, 814 ], [792 ], [202 ], [535 ], [52 ], [ ], [459 ], [ ], [829 ], [707 ], [512 ], [ ], [ ], [ ], [ ], [ ], [514 ], [960 ], [833 ], [ ], [618 ], [ ], [303 ], [365 ], [ ], [ ], [366 ], [40 ], [ ], [674 ], [ ], [ ], [ ], [472 ], [ ], [ ], [ ], [70 ], [798 ], [ ], [ ], [ ]]
]]></system-out>
  </testcase>
  <testcase name="getRemove" classname="hashmap.HashMapTest" time="0.002">
    <system-out><![CDATA[[[0 ], [1 ], [ ], [ ], [2 ], [ ], [ ], [ ], [ ], [3 ], [ ], [ ], [ ], [ ], [ ], [ ], [4 ], [ ], [ ], [ ], [ ], [ ], [ ], [ ], [ ], [5 ], [ ], [ ], [ ], [ ], [ ], [ ], [ ], [ ], [ ], [ ], [6 ], [ ], [ ], [ ], [ ], [ ], [ ], [ ], [ ], [ ], [ ], [ ], [ ], [7 ], [ ], [ ], [ ], [ ], [ ], [ ], [ ], [ ], [ ], [ ], [ ], [ ], [ ], [ ], [8 ], [ ], [ ], [ ], [ ], [ ], [ ], [ ], [ ], [ ], [ ], [ ], [ ], [ ], [ ], [ ], [ ], [9 ], [ ], [ ], [ ], [ ], [ ], [ ], [ ], [ ], [ ], [ ], [ ], [ ], [ ], [ ], [ ], [ ], [ ], [ ]]
[[ ], [1 ], [ ], [ ], [2 ], [ ], [ ], [ ], [ ], [3 ], [ ], [ ], [ ], [ ], [ ], [ ], [4 ], [ ], [ ], [ ], [ ], [ ], [ ], [ ], [ ], [5 ], [ ], [ ], [ ], [ ], [ ], [ ], [ ], [ ], [ ], [ ], [6 ], [ ], [ ], [ ], [ ], [ ], [ ], [ ], [ ], [ ], [ ], [ ], [ ], [7 ], [ ], [ ], [ ], [ ], [ ], [ ], [ ], [ ], [ ], [ ], [ ], [ ], [ ], [ ], [8 ], [ ], [ ], [ ], [ ], [ ], [ ], [ ], [ ], [ ], [ ], [ ], [ ], [ ], [ ], [ ], [ ], [9 ], [ ], [ ], [ ], [ ], [ ], [ ], [ ], [ ], [ ], [ ], [ ], [ ], [ ], [ ], [ ], [ ], [ ], [ ]]
]]></system-out>
  </testcase>
</testsuite>